2022-04-16 11:07:27.924 [main] INFO  calculator.Calculator - [Operation] => Power :: 0.0^0.0/n
2022-04-16 11:07:27.928 [main] INFO  calculator.Calculator - [Result] => Power is : 1.0


2022-04-16 11:07:27.929 [main] INFO  calculator.Calculator - [Operation] => Power :: 2.0^-3.0/n
2022-04-16 11:07:27.929 [main] INFO  calculator.Calculator - [Result] => Power is : 0.125


2022-04-16 11:07:27.931 [main] INFO  calculator.Calculator - [Operation] => Factorial :: 5.0

2022-04-16 11:07:27.931 [main] INFO  calculator.Calculator - [Result] => Factorial is : 120.0


2022-04-16 11:07:27.932 [main] INFO  calculator.Calculator - [Operation] => Factorial :: -5.0

2022-04-16 11:07:27.932 [main] INFO  calculator.Calculator - [Info] => Invailid input => Negative number


2022-04-16 11:07:27.933 [main] INFO  calculator.Calculator - [Operation] => Factorial :: -5.0

2022-04-16 11:07:27.933 [main] INFO  calculator.Calculator - [Info] => Invailid input => Negative number


2022-04-16 11:07:27.934 [main] INFO  calculator.Calculator - [Operation] => Factorial :: 5.0

2022-04-16 11:07:27.934 [main] INFO  calculator.Calculator - [Result] => Factorial is : 120.0


2022-04-16 11:07:27.935 [main] INFO  calculator.Calculator - [Operation] => Natural Logarithm :: 10.0

2022-04-16 11:07:27.936 [main] INFO  calculator.Calculator - [Result] => Natural Logarithm is : 2.302585092994046

2022-04-16 11:07:27.936 [main] INFO  calculator.Calculator - 

2022-04-16 11:07:27.938 [main] INFO  calculator.Calculator - [Operation] => Natural Logarithm :: -10.0

2022-04-16 11:07:27.938 [main] INFO  calculator.Calculator - [Result] => Natural Logarithm is : NaN

2022-04-16 11:07:27.938 [main] INFO  calculator.Calculator - [Info] => Invailid input => Negative number

2022-04-16 11:07:27.938 [main] INFO  calculator.Calculator - 

2022-04-16 11:07:27.940 [main] INFO  calculator.Calculator - [Operation] => Natural Logarithm :: -10.0

2022-04-16 11:07:27.940 [main] INFO  calculator.Calculator - [Result] => Natural Logarithm is : NaN

2022-04-16 11:07:27.941 [main] INFO  calculator.Calculator - [Info] => Invailid input => Negative number

2022-04-16 11:07:27.941 [main] INFO  calculator.Calculator - 

2022-04-16 11:07:27.941 [main] INFO  calculator.Calculator - [Operation] => Natural Logarithm :: 15.0

2022-04-16 11:07:27.941 [main] INFO  calculator.Calculator - [Result] => Natural Logarithm is : 2.70805020110221

2022-04-16 11:07:27.942 [main] INFO  calculator.Calculator - 

2022-04-16 11:07:27.943 [main] INFO  calculator.Calculator - [Operation] => Square Root :: 25.0

2022-04-16 11:07:27.944 [main] INFO  calculator.Calculator - [Result] => Square root is : 5.0

2022-04-16 11:07:27.944 [main] INFO  calculator.Calculator - 

2022-04-16 11:07:27.944 [main] INFO  calculator.Calculator - [Operation] => Square Root :: -25.0

2022-04-16 11:07:27.944 [main] INFO  calculator.Calculator - [Result] => Square root is : NaN

2022-04-16 11:07:27.945 [main] INFO  calculator.Calculator - [Info] => Invailid input => Negative number

2022-04-16 11:07:27.945 [main] INFO  calculator.Calculator - 

2022-04-16 11:07:27.946 [main] INFO  calculator.Calculator - [Operation] => Square Root :: -25.0

2022-04-16 11:07:27.946 [main] INFO  calculator.Calculator - [Result] => Square root is : NaN

2022-04-16 11:07:27.947 [main] INFO  calculator.Calculator - [Info] => Invailid input => Negative number

2022-04-16 11:07:27.947 [main] INFO  calculator.Calculator - 

2022-04-16 11:07:27.947 [main] INFO  calculator.Calculator - [Operation] => Square Root :: 16.0

2022-04-16 11:07:27.947 [main] INFO  calculator.Calculator - [Result] => Square root is : 4.0

2022-04-16 11:07:27.948 [main] INFO  calculator.Calculator - 

2022-04-16 11:07:27.948 [main] INFO  calculator.Calculator - [Operation] => Power :: 2.0^4.0/n
2022-04-16 11:07:27.949 [main] INFO  calculator.Calculator - [Result] => Power is : 16.0


2022-04-16 11:07:27.949 [main] INFO  calculator.Calculator - [Operation] => Power :: 2.0^-3.0/n
2022-04-16 11:07:27.950 [main] INFO  calculator.Calculator - [Result] => Power is : 0.125


2022-04-16 11:11:28.609 [main] INFO  calculator.Calculator - [Operation] => Square Root :: 25.0

2022-04-16 11:11:28.612 [main] INFO  calculator.Calculator - [Result] => Square root is : 5.0

2022-04-16 11:11:28.612 [main] INFO  calculator.Calculator - 

2022-04-16 11:12:30.767 [main] INFO  calculator.Calculator - [Operation] => Factorial :: 5.0

2022-04-16 11:12:30.768 [main] INFO  calculator.Calculator - [Result] => Factorial is : 120.0


2022-04-16 11:12:37.680 [main] INFO  calculator.Calculator - [Operation] => Natural Logarithm :: 10.0

2022-04-16 11:12:37.681 [main] INFO  calculator.Calculator - [Result] => Natural Logarithm is : 2.302585092994046

2022-04-16 11:12:37.681 [main] INFO  calculator.Calculator - 

2022-04-16 11:12:44.792 [main] INFO  calculator.Calculator - [Operation] => Power :: 2.0^5.0/n
2022-04-16 11:12:44.793 [main] INFO  calculator.Calculator - [Result] => Power is : 32.0


